{"/mnt/c/Users/jaime/Desktop/LFZ/jest-testing/jest-testing-basics-2/bankai.js": {"path":"/mnt/c/Users/jaime/Desktop/LFZ/jest-testing/jest-testing-basics-2/bankai.js","statementMap":{"0":{"start":{"line":1,"column":15},"end":{"line":1,"column":25}},"1":{"start":{"line":1,"column":22},"end":{"line":1,"column":25}},"2":{"start":{"line":3,"column":0},"end":{"line":3,"column":24}}},"fnMap":{"0":{"name":"(anonymous_0)","decl":{"start":{"line":1,"column":15},"end":{"line":1,"column":16}},"loc":{"start":{"line":1,"column":22},"end":{"line":1,"column":25}},"line":1}},"branchMap":{},"s":{"0":1,"1":1,"2":1},"f":{"0":1},"b":{},"_coverageSchema":"1a1c01bbd47fc00a2c39e90264f33305004495a9","hash":"914679dad4c5e63016b9d6e1917402b5f2c627f3"}
,"/mnt/c/Users/jaime/Desktop/LFZ/jest-testing/jest-testing-basics-2/calculator.js": {"path":"/mnt/c/Users/jaime/Desktop/LFZ/jest-testing/jest-testing-basics-2/calculator.js","statementMap":{"0":{"start":{"line":1,"column":23},"end":{"line":14,"column":1}},"1":{"start":{"line":3,"column":4},"end":{"line":3,"column":17}},"2":{"start":{"line":8,"column":4},"end":{"line":8,"column":17}},"3":{"start":{"line":12,"column":4},"end":{"line":12,"column":17}},"4":{"start":{"line":16,"column":0},"end":{"line":16,"column":32}}},"fnMap":{"0":{"name":"(anonymous_0)","decl":{"start":{"line":2,"column":7},"end":{"line":2,"column":8}},"loc":{"start":{"line":2,"column":23},"end":{"line":4,"column":3}},"line":2},"1":{"name":"(anonymous_1)","decl":{"start":{"line":7,"column":8},"end":{"line":7,"column":9}},"loc":{"start":{"line":7,"column":24},"end":{"line":9,"column":3}},"line":7},"2":{"name":"(anonymous_2)","decl":{"start":{"line":11,"column":11},"end":{"line":11,"column":12}},"loc":{"start":{"line":11,"column":27},"end":{"line":13,"column":3}},"line":11}},"branchMap":{},"s":{"0":1,"1":1,"2":1,"3":1,"4":1},"f":{"0":1,"1":1,"2":1},"b":{},"_coverageSchema":"1a1c01bbd47fc00a2c39e90264f33305004495a9","hash":"2bb20c2c9742b322611243b42fe79de25ba81346"}
}
